Query: Ừ thế xem giúp anh gói nào để anh lướt mạng thả ga đi, một ngày xem phim đã tốn mấy gigabyte rồi
Answer: Dạ chào anh! Em đã tìm hiểu và thấy có một số gói cước khá phù hợp với nhu cầu xem phim của anh đấy ạ.  Anh xem thử các gói này nhé:

Gói MXH100, MXH120, 3MXH100, 6MXH100 và 12MXH100 đều có ưu điểm là truy cập thả ga, không giới hạn data trên Facebook, TikTok, YouTube và TV360.  Giá cả thì có nhiều mức khác nhau, từ 100.000đ đến 1.200.000đ tùy theo thời hạn sử dụng, anh chọn gói nào phù hợp với ví tiền và thời gian sử dụng của mình nhé.  Ví dụ, nếu anh chỉ cần dùng trong một tháng thì gói MXH100 (100.000đ) hoặc MXH120 (120.000đ) là ổn rồi ạ. Còn nếu anh muốn dùng lâu hơn thì có thể chọn các gói 3, 6 hoặc 12 tháng, giá sẽ cao hơn chút nhưng sẽ tiết kiệm hơn về lâu dài.

Ngoài ra, anh cũng có thể tham khảo thêm gói SD70, V90B, V120B.  Tuy không có ưu đãi "thả ga" cụ thể cho các ứng dụng như các gói MXH, nhưng chúng vẫn cung cấp một lượng data khá lớn, giúp anh thoải mái xem phim.  Tuy nhiên, em khuyến khích anh cân nhắc các gói MXH nếu chủ yếu dùng để xem phim trên các ứng dụng mạng xã hội nhé, vì nó sẽ tiết kiệm hơn nhiều đó ạ.

Anh muốn em giải thích thêm về gói nào không anh?  Hoặc nếu anh đã chọn được gói nào ưng ý rồi thì em sẽ hướng dẫn anh cách đăng ký nhé.


*** Took 1.306324 seconds of which RAG took 1.306145 seconds.

Query: Ừ thế cụ thể thì những gói này ưu đãi như nào em, nên mua gói nào rẻ mà nhiều data chút nhỉ
*** Squeezed history in 1.089473.
Answer: Dạ, em chào anh/chị! Em xin phép được giải đáp thắc mắc của anh/chị về các gói cước nhé.

Dựa trên nhu cầu xem phim và lướt mạng nhiều của anh/chị, em thấy có một số gói cước khá phù hợp.  

Đầu tiên là các gói MXH:  Gói này ưu đãi data không giới hạn cho Facebook, TikTok, YouTube và TV360.  Anh/chị có thể lựa chọn gói MXH100 (100.000đ/tháng, 30GB tốc độ cao), MXH120 (120.000đ/tháng, 30GB tốc độ cao), 3MXH100 (300.000đ/tháng, 90GB tốc độ cao), 6MXH100 (600.000đ/tháng, 180GB tốc độ cao) hoặc 12MXH100 (1.200.000đ/tháng, 360GB tốc độ cao).  Số GB tốc độ cao càng cao thì thời gian sử dụng càng lâu nha anh/chị.

Ngoài ra, còn có các gói SD70 (70.000đ/tháng, 30GB tốc độ chuẩn), V90B (90.000đ/tháng, 30GB tốc độ cao) và V120B (120.000đ/tháng, 45GB tốc độ cao) cung cấp lượng data lớn, phù hợp nếu anh/chị sử dụng nhiều ứng dụng khác ngoài các mạng xã hội.

Nếu anh/chị muốn gói cước rẻ và nhiều data một chút thì em thấy gói SD70 hoặc V90B là hợp lý nhất ạ.  Tuy nhiên, nếu nhu cầu xem phim và sử dụng các ứng dụng mạng xã hội nhiều thì gói MXH100 hoặc MXH120 cũng rất ổn đấy ạ. Anh/chị thấy gói nào phù hợp nhất thì cho em biết để em tư vấn thêm chi tiết nhé!


*** Took 2.2991960000000002 seconds of which RAG took 2.298785 seconds.

Query: Ừ thế tư vấn giúp anh cái gói nào rẻ nhất trong số những cái em đã nói nhé
*** Squeezed history in 2.190314.
Answer: Dạ, anh muốn tìm gói cước rẻ nhất trong số các gói em đã tư vấn đúng không ạ?  Sau khi kiểm tra lại, gói SD70 với giá 70.000đ/tháng, được 30GB data là gói có giá rẻ nhất trong số các gói em đã đề cập. Gói này rất phù hợp nếu anh muốn tiết kiệm chi phí mà vẫn có lượng data kha khá để sử dụng nhé.  Anh thấy gói này thế nào ạ?


*** Took 3.609756 seconds of which RAG took 3.609324 seconds.

Query: À được rồi cảm ơn em nhé. Anh vừa nhắn tin rồi đấy, em xem thuê bao của anh đã cập nhật gói cước với số dư chưa
*** Squeezed history in 2.249559.
Answer: Dạ, anh vui lòng chờ một chút nhé!  Em chưa thể kiểm tra trực tiếp thông tin cập nhật gói cước và số dư tài khoản của anh qua hệ thống này. Để đảm bảo thông tin chính xác nhất, anh có thể liên hệ tổng đài chăm sóc khách hàng của Viettel để được hỗ trợ nha.  Rất tiếc vì sự bất tiện này ạ!


*** Took 3.645237 seconds of which RAG took 0.871325 seconds.

Query: Ok còn thằng bạn anh cần gói gì mà không giới hạn dữ liệu ấy
*** Squeezed history in 2.433385.
Answer: Dạ chào bạn!  Vậy bạn cần tìm gói cước không giới hạn data cho bạn của mình đúng không ạ?  Hiện tại em chưa tìm thấy gói cước nào hoàn toàn không giới hạn data nhé.  Tuy nhiên, em có thể gợi ý một số gói có ưu đãi data rất lớn,  giúp bạn ấy thoải mái xem phim và lướt web.  

Trong các gói cước mà em đã tìm hiểu, các gói MXH100, MXH120, 3MXH100, 6MXH100, và 12MXH100 có ưu đãi data không giới hạn tốc độ cao cho Facebook, TikTok, YouTube và TV360.  Tuy nhiên, data sử dụng các ứng dụng khác sẽ bị tính theo dung lượng gói cước.  Bạn có thể tham khảo thêm các gói SD70, V90B, và V120B nếu muốn có gói cước data lớn hơn nhé. Em có thể cung cấp thêm thông tin chi tiết về giá cả và dung lượng của từng gói nếu bạn muốn ạ. Bạn thấy gói nào phù hợp nhất thì cứ nói em biết nhé!


*** Took 3.730186 seconds of which RAG took 3.729899 seconds.

# Enter your next queries, or type 'exit' to quit.
Query: *** Squeezed history in 2.999841.
Ừ thế cụ thể dung lượng mấy gói này như nào em 
Answer: Dạ chào anh/chị! Em xin phép được giải đáp thắc mắc của anh/chị về dung lượng data của các gói cước nhé.

Về các gói cước MXH100, MXH120, 3MXH100, 6MXH100, 12MXH100,  thì các gói này đều có ưu đãi data không giới hạn cho Facebook, TikTok, YouTube và TV360 ạ.  Tuy nhiên, dung lượng data tốc độ cao trong tháng sẽ khác nhau:  MXH100 và MXH120 có 30GB data tốc độ cao,  3MXH100 có 90GB, 6MXH100 có 180GB và 12MXH100 có đến 360GB data tốc độ cao.

Còn đối với gói SD70, anh/chị sẽ có 30GB data tốc độ chuẩn. Gói V90B cũng có 30GB data tốc độ cao, và gói V120B có 45GB data tốc độ cao ạ.

Anh/chị có nhu cầu sử dụng bao nhiêu data trong tháng thì em sẽ tư vấn thêm gói cước phù hợp hơn nha!


*** Took 2.491244 seconds of which RAG took 2.490834 seconds.

Query: *** Squeezed history in 3.516574.
Ok đó, vậy cho anh cái gói nào mà free mạng xã hội rồi dung lượng 30 g b ấy 
Answer: Dạ, anh muốn gói cước free mạng xã hội và có dung lượng 30GB đúng không ạ?  Em thấy có hai gói đáp ứng nhu cầu của anh là gói MXH100 và gói SD70 ạ.

Gói MXH100 có giá 100.000đ/tháng,  dùng không giới hạn data cho Facebook, TikTok, YouTube, TV360 và có thêm 30GB data để anh sử dụng các ứng dụng khác nhé.  

Gói SD70 có giá 70.000đ/tháng và cung cấp 30GB data.  Gói này sẽ rẻ hơn gói MXH100 một chút nhưng không có ưu đãi data không giới hạn cho các ứng dụng mạng xã hội như Facebook, TikTok, YouTube, TV360 đâu ạ.

Anh thấy gói nào phù hợp hơn thì cho em biết để em hỗ trợ anh thêm nhé!


*** Took 1.397405 seconds of which RAG took 1.397014 seconds.

Query: *** Squeezed history in 4.129384.
Ừ thế cho anh cái gói m x h 100 đi  
Answer: Dạ vâng, anh muốn chọn gói MXH100 đúng không ạ?  Gói này có giá 100.000đ/tháng và  được miễn phí truy cập không giới hạn Facebook, TikTok, YouTube, TV360,  cộng thêm 30GB data để anh thoải mái sử dụng nữa nhé.  Anh chỉ cần soạn tin nhắn MXH100 gửi 191 là đăng ký thành công rồi ạ.  Anh có muốn em hỗ trợ thêm thông tin gì nữa không ạ?


*** Took 0.884741 seconds of which RAG took 0.884042 seconds.

Query: *** Squeezed history in 4.181045.
exit
